<?xml version="1.0" encoding="UTF-8"?>
<!-- Generated by org.testng.reporters.JUnitReportReporter -->
<testsuite hostname="WL361105" failures="0" tests="1" name="com.tieto.test.DemoTest" time="0.006" errors="0" timestamp="2020-07-03T15:22:50 IST" skipped="0">
  <testcase classname="com.tieto.test.DemoTest" name="readProperties" time="0.006"/>
  <system-out/>
</testsuite> <!-- com.tieto.test.DemoTest -->
